<?xml version="1.0" encoding="UTF-8"?>
<!-- Generated by org.testng.reporters.JUnitReportReporter -->
<testsuite skipped="1" hostname="QSP-012" name="com.amazon.test.InvalidLoginTest" tests="2" failures="0" timestamp="03 Oct 2017 07:30:09 GMT" time="10.055" errors="0">
  <testcase name="testinValidLogin" time="10.054" classname="com.amazon.test.InvalidLoginTest"/>
  <testcase name="testinValidLogin" time="0.001" classname="com.amazon.test.InvalidLoginTest">
    <skipped/>
  </testcase> <!-- testinValidLogin -->
</testsuite> <!-- com.amazon.test.InvalidLoginTest -->
