<?xml version="1.0" encoding="UTF-8"?>
<!-- Generated by org.testng.reporters.JUnitReportReporter -->
<testsuite skipped="1" hostname="QSP-012" name="com.amazon.test.ValidLoginTest" tests="2" failures="0" timestamp="03 Oct 2017 07:30:09 GMT" time="14.666" errors="0">
  <testcase name="testValidLogin" time="14.666" classname="com.amazon.test.ValidLoginTest"/>
  <testcase name="testValidLogin" time="0.000" classname="com.amazon.test.ValidLoginTest">
    <skipped/>
  </testcase> <!-- testValidLogin -->
</testsuite> <!-- com.amazon.test.ValidLoginTest -->
